2026-06-10T11:06:36.479+02:00 r= ip= u=  INFO 10066 --- [main] a.a.t.s.g.backend.BackendApplication     : Starting BackendApplication using Java 26 with PID 10066 (/home/dominik/S3/SE-Project/SE-GruppenPr/backend/target/classes started by dominik in /home/dominik/S3/SE-Project/SE-GruppenPr)
2026-06-10T11:06:36.480+02:00 r= ip= u=  INFO 10066 --- [main] a.a.t.s.g.backend.BackendApplication     : No active profile set, falling back to 1 default profile: "default"
2026-06-10T11:06:36.903+02:00 r= ip= u=  INFO 10066 --- [main] .s.d.r.c.RepositoryConfigurationDelegate : Bootstrapping Spring Data JPA repositories in DEFAULT mode.
2026-06-10T11:06:36.941+02:00 r= ip= u=  INFO 10066 --- [main] .s.d.r.c.RepositoryConfigurationDelegate : Finished Spring Data repository scanning in 34 ms. Found 16 JPA repository interfaces.
2026-06-10T11:06:37.193+02:00 r= ip= u=  INFO 10066 --- [main] o.s.boot.tomcat.TomcatWebServer          : Tomcat initialized with port 8080 (http)
2026-06-10T11:06:37.198+02:00 r= ip= u=  INFO 10066 --- [main] o.apache.catalina.core.StandardService   : Starting service [Tomcat]
2026-06-10T11:06:37.198+02:00 r= ip= u=  INFO 10066 --- [main] o.apache.catalina.core.StandardEngine    : Starting Servlet engine: [Apache Tomcat/11.0.20]
2026-06-10T11:06:37.213+02:00 r= ip= u=  INFO 10066 --- [main] b.w.c.s.WebApplicationContextInitializer : Root WebApplicationContext: initialization completed in 685 ms
2026-06-10T11:06:37.323+02:00 r= ip= u=  INFO 10066 --- [main] org.hibernate.orm.jpa                    : HHH008540: Processing PersistenceUnitInfo [name: default]
2026-06-10T11:06:37.339+02:00 r= ip= u=  INFO 10066 --- [main] org.hibernate.orm.core                   : HHH000001: Hibernate ORM core version 7.2.7.Final
2026-06-10T11:06:37.483+02:00 r= ip= u=  INFO 10066 --- [main] o.s.o.j.p.SpringPersistenceUnitInfo      : No LoadTimeWeaver setup: ignoring JPA class transformer
2026-06-10T11:06:37.494+02:00 r= ip= u=  INFO 10066 --- [main] com.zaxxer.hikari.HikariDataSource       : HikariPool-1 - Starting...
2026-06-10T11:06:37.602+02:00 r= ip= u=  INFO 10066 --- [main] com.zaxxer.hikari.pool.HikariPool        : HikariPool-1 - Added connection conn1: url=jdbc:h2:file:./database/db user=ADMIN
2026-06-10T11:06:37.602+02:00 r= ip= u=  INFO 10066 --- [main] com.zaxxer.hikari.HikariDataSource       : HikariPool-1 - Start completed.
2026-06-10T11:06:37.622+02:00 r= ip= u=  INFO 10066 --- [main] org.hibernate.orm.connections.pooling    : HHH10001005: Database info:
	Database JDBC URL [jdbc:h2:file:./database/db]
	Database driver: H2 JDBC Driver
	Database dialect: H2Dialect
	Database version: 2.4.240
	Default catalog/schema: DB/PUBLIC
	Autocommit mode: undefined/unknown
	Isolation level: READ_COMMITTED [default READ_COMMITTED]
	JDBC fetch size: 100
	Pool: DataSourceConnectionProvider
	Minimum pool size: undefined/unknown
	Maximum pool size: undefined/unknown
2026-06-10T11:06:38.065+02:00 r= ip= u=  INFO 10066 --- [main] org.hibernate.orm.core                   : HHH000489: No JTA platform available (set 'hibernate.transaction.jta.platform' to enable JTA platform integration)
2026-06-10T11:06:38.095+02:00 r= ip= u=  INFO 10066 --- [main] j.LocalContainerEntityManagerFactoryBean : Initialized JPA EntityManagerFactory for persistence unit 'default'
2026-06-10T11:06:38.139+02:00 r= ip= u=  INFO 10066 --- [main] o.s.d.j.r.query.QueryEnhancerFactories   : Hibernate is in classpath; If applicable, HQL parser will be used.
2026-06-10T11:06:38.505+02:00 r= ip= u=  INFO 10066 --- [main] r$InitializeUserDetailsManagerConfigurer : Global AuthenticationManager configured with UserDetailsService bean with name customUserDetailService
2026-06-10T11:06:38.595+02:00 r= ip= u= TRACE 10066 --- [main] s.w.s.m.m.a.RequestMappingHandlerMapping : 
	a.a.t.s.g.b.e.BarcodeScannerEndpoint:
	{PATCH [/api/v1/scanner/{id}]}: checkOutOrInScanWithExistingReservation(Long,ReservationUpdateDto)
	{POST [/api/v1/scanner]}: checkOutScanWithoutExistingReservation(ReservationCreationDto)
2026-06-10T11:06:38.598+02:00 r= ip= u= TRACE 10066 --- [main] s.w.s.m.m.a.RequestMappingHandlerMapping : 
	a.a.t.s.g.b.e.CustomHealthEndpoint:
	{GET [/health]}: getHealth()
	{GET [/health/prepareShutdown]}: preShutdown()
2026-06-10T11:06:38.598+02:00 r= ip= u= TRACE 10066 --- [main] s.w.s.m.m.a.RequestMappingHandlerMapping : 
	a.a.t.s.g.b.e.CustomerEndpoint:
	{PUT [/api/v1/customer/update/{id}]}: updateCustomer(Long,CustomerUpdateDto)
	{GET [/api/v1/customer/{id}]}: getUserById(Long)
	{POST [/api/v1/customer/create]}: createCustomer(CustomerCreationDto)
	{DELETE [/api/v1/customer/delete/{id}]}: deleteUser(Long)
2026-06-10T11:06:38.599+02:00 r= ip= u= TRACE 10066 --- [main] s.w.s.m.m.a.RequestMappingHandlerMapping : 
	a.a.t.s.g.b.e.CustomerProfileEndpoint:
	{POST [/api/v1/customer/profiles]}: createCustomerProfile(CustomerProfileCreationDto)
	{PATCH [/api/v1/customer/profiles/{profileId}]}: updateCustomerProfile(Long,CustomerProfileUpdateDto)
	{DELETE [/api/v1/customer/profiles/{profileId}]}: deleteCustomerProfile(Long)
	{GET [/api/v1/customer/{customerId}/profiles]}: getCustomerProfiles(Long)
	{GET [/api/v1/customer/profiles/{profileId}]}: getCustomerProfileById(Long)
2026-06-10T11:06:38.601+02:00 r= ip= u= TRACE 10066 --- [main] s.w.s.m.m.a.RequestMappingHandlerMapping : 
	a.a.t.s.g.b.e.EquipmentEndpoint:
	{POST [/api/v1/equipment]}: createEquipment(EquipmentCreationDto)
	{PATCH [/api/v1/equipment/{id}]}: updateEquipment(Long,EquipmentUpdateDto)
	{GET [/api/v1/equipment]}: searchEquipment(EquipmentSearchDto)
	{GET [/api/v1/equipment/type/{type}]}: getEquipmentByType(String)
	{GET [/api/v1/equipment/barcode/{barcodeId}]}: getEquipmentById(String)
	{GET [/api/v1/equipment/{id}]}: getEquipmentById(Long)
	{DELETE [/api/v1/equipment/{id}]}: deleteEquipmentById(Long)
2026-06-10T11:06:38.601+02:00 r= ip= u= TRACE 10066 --- [main] s.w.s.m.m.a.RequestMappingHandlerMapping : 
	a.a.t.s.g.b.e.LoginEndpoint:
	{POST [/api/v1/authentication]}: login(UserLoginDto)
2026-06-10T11:06:38.602+02:00 r= ip= u= TRACE 10066 --- [main] s.w.s.m.m.a.RequestMappingHandlerMapping : 
	a.a.t.s.g.b.e.MessageEndpoint:
	{GET [/api/v1/messages/{id}]}: find(Long)
	{POST [/api/v1/messages]}: create(MessageInquiryDto)
	{GET [/api/v1/messages]}: findAll()
2026-06-10T11:06:38.602+02:00 r= ip= u= TRACE 10066 --- [main] s.w.s.m.m.a.RequestMappingHandlerMapping : 
	a.a.t.s.g.b.e.ReservationEndpoint:
	{POST [/api/v1/reservation]}: createReservation(ReservationCreationDto)
	{PATCH [/api/v1/reservation/{id}]}: updateReservation(ReservationUpdateDto)
	{DELETE [/api/v1/reservation]}: deleteReservation(ReservationAddDeleteEquipmentDto)
	{DELETE [/api/v1/reservation/equipment]}: removeEquipmentFromReservation(ReservationAddDeleteEquipmentDto)
	{POST [/api/v1/reservation/equipment]}: addEquipmentToReservation(ReservationAddDeleteEquipmentDto)
	{GET [/api/v1/reservation]}: searchReservations(ReservationSearchDto)
	{GET [/api/v1/reservation/{id}]}: getReservationById(Long)
2026-06-10T11:06:38.603+02:00 r= ip= u= TRACE 10066 --- [main] s.w.s.m.m.a.RequestMappingHandlerMapping : 
	a.a.t.s.g.b.e.StaffEndpoint:
	{POST [/api/v1/staff/create]}: createStaff(StaffCreationDto)
	{PUT [/api/v1/staff/update/{id}]}: updateStaff(Long,StaffUpdateDto)
	{GET [/api/v1/staff/{id}]}: getUserById(Long)
	{DELETE [/api/v1/staff/delete/{id}]}: deleteUser(Long)
2026-06-10T11:06:38.605+02:00 r= ip= u= TRACE 10066 --- [main] s.w.s.m.m.a.RequestMappingHandlerMapping : 
	o.s.b.w.a.e.BasicErrorController:
	{ [/error]}: error(HttpServletRequest)
	{ [/error], produces [text/html]}: errorHtml(HttpServletRequest,HttpServletResponse)
2026-06-10T11:06:38.610+02:00 r= ip= u= TRACE 10066 --- [main] s.w.s.m.m.a.RequestMappingHandlerMapping : 
	o.s.w.a.OpenApiWebMvcResource:
	{GET [/v3/api-docs], produces [application/json]}: openapiJson(HttpServletRequest,String,Locale)
	{GET [/v3/api-docs.yaml], produces [application/vnd.oai.openapi]}: openapiYaml(HttpServletRequest,String,Locale)
2026-06-10T11:06:38.611+02:00 r= ip= u= TRACE 10066 --- [main] s.w.s.m.m.a.RequestMappingHandlerMapping : 
	o.s.w.u.SwaggerWelcomeWebMvc:
	{GET [/swagger-ui.html]}: redirectToUi(HttpServletRequest)
2026-06-10T11:06:38.611+02:00 r= ip= u= TRACE 10066 --- [main] s.w.s.m.m.a.RequestMappingHandlerMapping : 
	o.s.w.u.SwaggerConfigResource:
	{GET [/v3/api-docs/swagger-config], produces [application/json]}: openapiJson(HttpServletRequest)
2026-06-10T11:06:38.612+02:00 r= ip= u= DEBUG 10066 --- [main] s.w.s.m.m.a.RequestMappingHandlerMapping : 41 mappings in 'requestMappingHandlerMapping'
2026-06-10T11:06:38.963+02:00 r= ip= u=  INFO 10066 --- [main] o.s.boot.tomcat.TomcatWebServer          : Tomcat started on port 8080 (http) with context path '/'
2026-06-10T11:06:38.987+02:00 r= ip= u=  INFO 10066 --- [main] o.s.boot.tomcat.TomcatWebServer          : Tomcat initialized with port 8081 (http)
2026-06-10T11:06:38.988+02:00 r= ip= u=  INFO 10066 --- [main] o.apache.catalina.core.StandardService   : Starting service [Tomcat]
2026-06-10T11:06:38.988+02:00 r= ip= u=  INFO 10066 --- [main] o.apache.catalina.core.StandardEngine    : Starting Servlet engine: [Apache Tomcat/11.0.20]
2026-06-10T11:06:38.993+02:00 r= ip= u=  INFO 10066 --- [main] b.w.c.s.WebApplicationContextInitializer : Root WebApplicationContext: initialization completed in 28 ms
2026-06-10T11:06:38.998+02:00 r= ip= u=  INFO 10066 --- [main] o.s.b.a.e.web.EndpointLinksResolver      : Exposing 5 endpoints beneath base path '/actuator'
2026-06-10T11:06:39.005+02:00 r= ip= u= TRACE 10066 --- [main] s.w.s.m.m.a.RequestMappingHandlerMapping : 
	o.s.b.w.a.a.w.ManagementErrorEndpoint:
	{ [/error]}: invoke(ServletWebRequest)
2026-06-10T11:06:39.005+02:00 r= ip= u= DEBUG 10066 --- [main] s.w.s.m.m.a.RequestMappingHandlerMapping : 1 mappings in 'requestMappingHandlerMapping'
2026-06-10T11:06:39.013+02:00 r= ip= u=  INFO 10066 --- [main] o.s.boot.tomcat.TomcatWebServer          : Tomcat started on port 8081 (http) with context path '/'
2026-06-10T11:06:39.017+02:00 r= ip= u=  INFO 10066 --- [main] a.a.t.s.g.backend.BackendApplication     : Started BackendApplication in 2.723 seconds (process running for 2.99)
2026-06-10T11:06:39.345+02:00 r= ip= u=  WARN 10066 --- [main] o.s.core.events.SpringDocAppInitializer  : SpringDoc /v3/api-docs endpoint is enabled by default. To disable it in production, set the property 'springdoc.api-docs.enabled=false'
2026-06-10T11:06:39.345+02:00 r= ip= u=  WARN 10066 --- [main] o.s.core.events.SpringDocAppInitializer  : SpringDoc /swagger-ui.html endpoint is enabled by default. To disable it in production, set the property 'springdoc.swagger-ui.enabled=false'
2026-06-10T11:06:39.787+02:00 r= ip= u=  INFO 10066 --- [RMI TCP Connection(2)-127.0.0.1] o.a.c.c.C.[Tomcat].[localhost].[/]       : Initializing Spring DispatcherServlet 'dispatcherServlet'
2026-06-10T11:06:39.787+02:00 r= ip= u=  INFO 10066 --- [RMI TCP Connection(2)-127.0.0.1] o.s.web.servlet.DispatcherServlet        : Initializing Servlet 'dispatcherServlet'
2026-06-10T11:06:39.788+02:00 r= ip= u=  INFO 10066 --- [RMI TCP Connection(2)-127.0.0.1] o.s.web.servlet.DispatcherServlet        : Completed initialization in 1 ms
2026-06-10T11:06:46.479+02:00 r= ip= u=  INFO 10066 --- [SpringApplicationShutdownHook] o.s.boot.tomcat.GracefulShutdown         : Commencing graceful shutdown. Waiting for active requests to complete
2026-06-10T11:06:46.480+02:00 r= ip= u=  INFO 10066 --- [tomcat-shutdown] o.s.boot.tomcat.GracefulShutdown         : Graceful shutdown complete
2026-06-10T11:06:46.481+02:00 r= ip= u=  INFO 10066 --- [SpringApplicationShutdownHook] o.s.boot.tomcat.GracefulShutdown         : Commencing graceful shutdown. Waiting for active requests to complete
2026-06-10T11:06:46.481+02:00 r= ip= u=  INFO 10066 --- [tomcat-shutdown] o.s.boot.tomcat.GracefulShutdown         : Graceful shutdown complete
2026-06-10T11:06:46.488+02:00 r= ip= u=  INFO 10066 --- [SpringApplicationShutdownHook] j.LocalContainerEntityManagerFactoryBean : Closing JPA EntityManagerFactory for persistence unit 'default'
2026-06-10T11:06:46.490+02:00 r= ip= u=  INFO 10066 --- [SpringApplicationShutdownHook] com.zaxxer.hikari.HikariDataSource       : HikariPool-1 - Shutdown initiated...
2026-06-10T11:06:46.490+02:00 r= ip= u=  INFO 10066 --- [SpringApplicationShutdownHook] com.zaxxer.hikari.HikariDataSource       : HikariPool-1 - Shutdown completed.
